<?xml version="1.0" encoding="UTF-8"?>
<!-- Generated by org.testng.reporters.JUnitXMLReporter -->
<testsuite ignored="0" hostname="Kavya" failures="0" tests="4" name="UserTest" time="17.159" errors="0" timestamp="2026-03-28T14:13:09 IST">
  <testcase classname="Api.test.userTest2" name="createuser" time="5.963"/>
  <testcase classname="Api.test.userTest2" name="readUser" time="1.073"/>
  <testcase classname="Api.test.userTest2" name="updateUser" time="6.072"/>
  <testcase classname="Api.test.userTest2" name="deleteUser" time="1.982"/>
</testsuite> <!-- UserTest -->
