<?xml version="1.0" encoding="UTF-8"?>
<!-- Generated by org.testng.reporters.JUnitXMLReporter -->
<testsuite ignored="0" hostname="Kavya" failures="0" tests="4" name="UserTest" time="12.394" errors="0" timestamp="2026-03-29T15:14:19 IST">
  <testcase classname="Api.test.userTest2" name="createuser" time="5.566"/>
  <testcase classname="Api.test.userTest2" name="readUser" time="1.343"/>
  <testcase classname="Api.test.userTest2" name="updateUser" time="2.296"/>
  <testcase classname="Api.test.userTest2" name="deleteUser" time="1.144"/>
</testsuite> <!-- UserTest -->
