<?xml version="1.0" encoding="UTF-8"?>
<testng-results ignored="0" total="4" passed="4" failed="0" skipped="0">
  <reporter-output>
  </reporter-output>
  <suite started-at="2026-03-29T15:14:05 IST" name="UserSuite" finished-at="2026-03-29T15:14:18 IST" duration-ms="12394">
    <groups>
    </groups>
    <test started-at="2026-03-29T15:14:05 IST" name="UserTest" finished-at="2026-03-29T15:14:18 IST" duration-ms="12394">
      <class name="Api.test.userTest2">
        <test-method is-config="true" signature="setUpData()[pri:0, instance:Api.test.userTest2@3ce1e309]" started-at="2026-03-29T15:14:06 IST" name="setUpData" finished-at="2026-03-29T15:14:07 IST" duration-ms="1317" status="PASS">
          <reporter-output>
          </reporter-output>
        </test-method> <!-- setUpData -->
        <test-method signature="createuser()[pri:1, instance:Api.test.userTest2@3ce1e309]" started-at="2026-03-29T15:14:07 IST" name="createuser" finished-at="2026-03-29T15:14:13 IST" duration-ms="5566" status="PASS">
          <reporter-output>
          </reporter-output>
        </test-method> <!-- createuser -->
        <test-method signature="readUser()[pri:2, instance:Api.test.userTest2@3ce1e309]" started-at="2026-03-29T15:14:13 IST" name="readUser" finished-at="2026-03-29T15:14:14 IST" duration-ms="1343" status="PASS">
          <reporter-output>
          </reporter-output>
        </test-method> <!-- readUser -->
        <test-method signature="updateUser()[pri:3, instance:Api.test.userTest2@3ce1e309]" started-at="2026-03-29T15:14:14 IST" name="updateUser" finished-at="2026-03-29T15:14:17 IST" duration-ms="2296" status="PASS">
          <reporter-output>
          </reporter-output>
        </test-method> <!-- updateUser -->
        <test-method signature="deleteUser()[pri:4, instance:Api.test.userTest2@3ce1e309]" started-at="2026-03-29T15:14:17 IST" name="deleteUser" finished-at="2026-03-29T15:14:18 IST" duration-ms="1144" status="PASS">
          <reporter-output>
          </reporter-output>
        </test-method> <!-- deleteUser -->
      </class> <!-- Api.test.userTest2 -->
    </test> <!-- UserTest -->
  </suite> <!-- UserSuite -->
</testng-results>
