<?xml version="1.0" encoding="UTF-8"?>
<testng-results ignored="0" total="4" passed="4" failed="0" skipped="0">
  <reporter-output>
  </reporter-output>
  <suite started-at="2026-03-28T14:12:51 IST" name="UserSuite" finished-at="2026-03-28T14:13:08 IST" duration-ms="17159">
    <groups>
    </groups>
    <test started-at="2026-03-28T14:12:51 IST" name="UserTest" finished-at="2026-03-28T14:13:08 IST" duration-ms="17159">
      <class name="Api.test.userTest2">
        <test-method is-config="true" signature="setUpData()[pri:0, instance:Api.test.userTest2@229f66ed]" started-at="2026-03-28T14:12:52 IST" name="setUpData" finished-at="2026-03-28T14:12:53 IST" duration-ms="1397" status="PASS">
          <reporter-output>
          </reporter-output>
        </test-method> <!-- setUpData -->
        <test-method signature="createuser()[pri:1, instance:Api.test.userTest2@229f66ed]" started-at="2026-03-28T14:12:53 IST" name="createuser" finished-at="2026-03-28T14:12:59 IST" duration-ms="5963" status="PASS">
          <reporter-output>
          </reporter-output>
        </test-method> <!-- createuser -->
        <test-method signature="readUser()[pri:2, instance:Api.test.userTest2@229f66ed]" started-at="2026-03-28T14:12:59 IST" name="readUser" finished-at="2026-03-28T14:13:00 IST" duration-ms="1073" status="PASS">
          <reporter-output>
          </reporter-output>
        </test-method> <!-- readUser -->
        <test-method signature="updateUser()[pri:3, instance:Api.test.userTest2@229f66ed]" started-at="2026-03-28T14:13:00 IST" name="updateUser" finished-at="2026-03-28T14:13:06 IST" duration-ms="6072" status="PASS">
          <reporter-output>
          </reporter-output>
        </test-method> <!-- updateUser -->
        <test-method signature="deleteUser()[pri:4, instance:Api.test.userTest2@229f66ed]" started-at="2026-03-28T14:13:06 IST" name="deleteUser" finished-at="2026-03-28T14:13:08 IST" duration-ms="1982" status="PASS">
          <reporter-output>
          </reporter-output>
        </test-method> <!-- deleteUser -->
      </class> <!-- Api.test.userTest2 -->
    </test> <!-- UserTest -->
  </suite> <!-- UserSuite -->
</testng-results>
