<?xml version="1.0" encoding="UTF-8"?>
<!-- Generated by org.testng.reporters.JUnitReportReporter -->
<testsuite hostname="Kavya" failures="0" tests="6" name="Api.test.DDTESTS" time="11.298" errors="0" timestamp="2026-03-27T15:57:27 IST" skipped="0">
  <testcase classname="Api.test.DDTESTS" name="testPostUser" time="6.163"/>
  <testcase classname="Api.test.DDTESTS" name="testPostUser" time="0.963"/>
  <testcase classname="Api.test.DDTESTS" name="testPostUser" time="0.991"/>
  <testcase classname="Api.test.DDTESTS" name="testdeletebyuser" time="0.929"/>
  <testcase classname="Api.test.DDTESTS" name="testdeletebyuser" time="1.270"/>
  <testcase classname="Api.test.DDTESTS" name="testdeletebyuser" time="0.982"/>
</testsuite> <!-- Api.test.DDTESTS -->
