<?xml version="1.0" encoding="UTF-8"?>
<!-- Generated by org.testng.reporters.JUnitReportReporter -->
<testsuite hostname="Kavya" failures="0" tests="4" name="Api.test.userTest" time="9.874" errors="0" timestamp="2026-03-28T14:07:23 IST" skipped="0">
  <testcase classname="Api.test.userTest" name="createuser" time="5.380"/>
  <testcase classname="Api.test.userTest" name="readUser" time="1.100"/>
  <testcase classname="Api.test.userTest" name="updateUser" time="2.025"/>
  <testcase classname="Api.test.userTest" name="deleteUser" time="1.369"/>
</testsuite> <!-- Api.test.userTest -->
